<?xml version="1.0" encoding="utf-8"?><testsuites name="pytest tests"><testsuite name="pytest" errors="0" failures="0" skipped="0" tests="11" time="13.531" timestamp="2026-04-19T13:30:07.695981+00:00" hostname="agent-env-a4a1980d-58bf-4ecb-bcf8-d46035fce83a"><testcase classname="backend.tests.test_zivio_api.TestHealthEndpoint" name="test_api_root_returns_success" time="0.174" /><testcase classname="backend.tests.test_zivio_api.TestChatEndpoint" name="test_chat_english_message" time="2.041" /><testcase classname="backend.tests.test_zivio_api.TestChatEndpoint" name="test_chat_hindi_message" time="1.384" /><testcase classname="backend.tests.test_zivio_api.TestChatEndpoint" name="test_chat_punjabi_message" time="2.040" /><testcase classname="backend.tests.test_zivio_api.TestChatEndpoint" name="test_chat_auto_language_detection" time="1.887" /><testcase classname="backend.tests.test_zivio_api.TestChatEndpoint" name="test_chat_session_persistence" time="2.124" /><testcase classname="backend.tests.test_zivio_api.TestChatEndpoint" name="test_chat_with_order_context" time="1.069" /><testcase classname="backend.tests.test_zivio_api.TestChatEndpoint" name="test_chat_call_mode" time="0.808" /><testcase classname="backend.tests.test_zivio_api.TestChatResetEndpoint" name="test_reset_chat_session" time="1.401" /><testcase classname="backend.tests.test_zivio_api.TestTTSEndpoint" name="test_tts_endpoint_exists" time="0.293" /><testcase classname="backend.tests.test_zivio_api.TestTTSEndpoint" name="test_tts_empty_text_validation" time="0.128" /></testsuite></testsuites>