<?xml version="1.0" encoding="utf-8"?><testsuites name="pytest tests"><testsuite name="pytest" errors="0" failures="0" skipped="0" tests="10" time="12.342" timestamp="2026-04-19T17:42:41.246505+00:00" hostname="agent-env-376c5d18-99ae-4f95-a106-0cc967870cd3"><testcase classname="backend.tests.test_zivio_phase11_lang_override.TestStrictLangOverride" name="test_hindi_override_with_english_input" time="1.325" /><testcase classname="backend.tests.test_zivio_phase11_lang_override.TestStrictLangOverride" name="test_punjabi_override_with_english_input" time="2.134" /><testcase classname="backend.tests.test_zivio_phase11_lang_override.TestStrictLangOverride" name="test_english_override_with_hindi_input" time="0.950" /><testcase classname="backend.tests.test_zivio_phase11_lang_override.TestAutoDetect" name="test_auto_detect_hindi_input" time="1.081" /><testcase classname="backend.tests.test_zivio_phase11_lang_override.TestAutoDetect" name="test_auto_detect_english_input" time="1.375" /><testcase classname="backend.tests.test_zivio_phase11_lang_override.TestSessionContinuity" name="test_multiturn_same_session_retains_context" time="2.136" /><testcase classname="backend.tests.test_zivio_phase11_lang_override.TestUpsellAndChase" name="test_upsell_butter_chicken_suggests_naan_or_rice" time="0.836" /><testcase classname="backend.tests.test_zivio_phase11_lang_override.TestUpsellAndChase" name="test_chase_on_hesitation" time="2.155" /><testcase classname="backend.tests.test_zivio_phase11_lang_override.TestTemplateHealth" name="test_restaurant_get" time="0.114" /><testcase classname="backend.tests.test_zivio_phase11_lang_override.TestTemplateHealth" name="test_api_root" time="0.162" /></testsuite></testsuites>