<?xml version="1.0" encoding="utf-8"?><testsuites name="pytest tests"><testsuite name="pytest" errors="0" failures="0" skipped="0" tests="26" time="13.517" timestamp="2026-04-19T15:19:43.138822+00:00" hostname="agent-env-376c5d18-99ae-4f95-a106-0cc967870cd3"><testcase classname="backend.tests.test_zivio_phase9_refactor.TestHealth" name="test_root" time="0.176" /><testcase classname="backend.tests.test_zivio_phase9_refactor.TestRestaurant" name="test_get_default" time="0.051" /><testcase classname="backend.tests.test_zivio_phase9_refactor.TestRestaurant" name="test_put_default_no_change" time="0.136" /><testcase classname="backend.tests.test_zivio_phase9_refactor.TestRestaurant" name="test_list_restaurants" time="0.043" /><testcase classname="backend.tests.test_zivio_phase9_refactor.TestChat" name="test_reset" time="0.050" /><testcase classname="backend.tests.test_zivio_phase9_refactor.TestChat" name="test_chat_hello" time="0.935" /><testcase classname="backend.tests.test_zivio_phase9_refactor.TestOrders" name="test_create_order" time="0.043" /><testcase classname="backend.tests.test_zivio_phase9_refactor.TestOrders" name="test_list_orders" time="0.044" /><testcase classname="backend.tests.test_zivio_phase9_refactor.TestOrders" name="test_update_order_status" time="0.047" /><testcase classname="backend.tests.test_zivio_phase9_refactor.TestWhatsApp" name="test_status" time="0.044" /><testcase classname="backend.tests.test_zivio_phase9_refactor.TestWhatsApp" name="test_send_returns_200_even_if_not_configured" time="0.045" /><testcase classname="backend.tests.test_zivio_phase9_refactor.TestAlerts" name="test_kitchen_test" time="0.044" /><testcase classname="backend.tests.test_zivio_phase9_refactor.TestAlerts" name="test_reception_test" time="0.044" /><testcase classname="backend.tests.test_zivio_phase9_refactor.TestReviews" name="test_request" time="0.042" /><testcase classname="backend.tests.test_zivio_phase9_refactor.TestReviews" name="test_schedule" time="0.045" /><testcase classname="backend.tests.test_zivio_phase9_refactor.TestAnalytics" name="test_track" time="0.045" /><testcase classname="backend.tests.test_zivio_phase9_refactor.TestAnalytics" name="test_summary" time="0.048" /><testcase classname="backend.tests.test_zivio_phase9_refactor.TestAnalytics" name="test_events" time="0.043" /><testcase classname="backend.tests.test_zivio_phase9_refactor.TestTTSCache" name="test_tts_miss_then_hit" time="1.077" /><testcase classname="backend.tests.test_zivio_phase9_refactor.TestTTSCache" name="test_tts_different_text_misses" time="1.397" /><testcase classname="backend.tests.test_zivio_phase9_refactor.TestTTSCache" name="test_tts_different_voice_id_misses" time="2.002" /><testcase classname="backend.tests.test_zivio_phase9_refactor.TestVoiceIVR" name="test_voice_inbound" time="1.429" /><testcase classname="backend.tests.test_zivio_phase9_refactor.TestVoiceIVR" name="test_voice_respond" time="3.097" /><testcase classname="backend.tests.test_zivio_phase9_refactor.TestVoiceIVR" name="test_voice_status" time="0.045" /><testcase classname="backend.tests.test_zivio_phase9_refactor.TestTwilioSignatureDevMode" name="test_voice_webhook_no_signature_allowed" time="1.475" /><testcase classname="backend.tests.test_zivio_phase9_refactor.TestTwilioSignatureDevMode" name="test_whatsapp_webhook_no_signature_allowed" time="0.971" /></testsuite></testsuites>