<?xml version="1.0" encoding="utf-8"?><testsuites name="pytest tests"><testsuite name="pytest" errors="0" failures="0" skipped="0" tests="13" time="9.300" timestamp="2026-04-19T17:25:30.042312+00:00" hostname="agent-env-376c5d18-99ae-4f95-a106-0cc967870cd3"><testcase classname="backend.tests.test_zivio_phase10_ceremony.TestRegression" name="test_api_root" time="0.218" /><testcase classname="backend.tests.test_zivio_phase10_ceremony.TestRegression" name="test_restaurant_default" time="0.102" /><testcase classname="backend.tests.test_zivio_phase10_ceremony.TestRegression" name="test_analytics_summary" time="0.123" /><testcase classname="backend.tests.test_zivio_phase10_ceremony.TestRegression" name="test_orders_list" time="0.111" /><testcase classname="backend.tests.test_zivio_phase10_ceremony.TestRegression" name="test_voice_status" time="0.116" /><testcase classname="backend.tests.test_zivio_phase10_ceremony.TestRegression" name="test_tts_endpoint_and_cache" time="1.443" /><testcase classname="backend.tests.test_zivio_phase10_ceremony.TestSystemPrompt" name="test_chat_prompt_has_dynamic_upselling_and_chasing" time="0.092" /><testcase classname="backend.tests.test_zivio_phase10_ceremony.TestSystemPrompt" name="test_call_prompt_has_human_fillers" time="0.000" /><testcase classname="backend.tests.test_zivio_phase10_ceremony.TestVoiceIVRTwiML" name="test_voice_inbound_twiml_has_enhanced_and_profanity_filter" time="1.404" /><testcase classname="backend.tests.test_zivio_phase10_ceremony.TestDynamicUpselling" name="test_butter_chicken_suggests_naan" time="1.070" /><testcase classname="backend.tests.test_zivio_phase10_ceremony.TestDynamicUpselling" name="test_biryani_suggests_lassi_or_raita" time="0.840" /><testcase classname="backend.tests.test_zivio_phase10_ceremony.TestDynamicUpselling" name="test_starter_prompts_main" time="1.773" /><testcase classname="backend.tests.test_zivio_phase10_ceremony.TestChasing" name="test_hesitation_gets_gentle_followup" time="1.844" /></testsuite></testsuites>