<?xml version="1.0" encoding="utf-8"?><testsuites name="pytest tests"><testsuite name="pytest" errors="0" failures="0" skipped="0" tests="6" time="3.318" timestamp="2026-04-19T14:44:50.557376+00:00" hostname="agent-env-376c5d18-99ae-4f95-a106-0cc967870cd3"><testcase classname="backend.tests.test_zivio_phase7_unified_pricing.TestHealth" name="test_api_root" time="0.166" /><testcase classname="backend.tests.test_zivio_phase7_unified_pricing.TestUnifiedPricing" name="test_default_restaurant_price_is_599" time="0.156" /><testcase classname="backend.tests.test_zivio_phase7_unified_pricing.TestUnifiedPricing" name="test_update_restaurant_keeps_599_price" time="0.275" /><testcase classname="backend.tests.test_zivio_phase7_unified_pricing.TestChatTTSRegression" name="test_chat_basic" time="1.579" /><testcase classname="backend.tests.test_zivio_phase7_unified_pricing.TestChatTTSRegression" name="test_tts_rejects_empty" time="0.105" /><testcase classname="backend.tests.test_zivio_phase7_unified_pricing.TestChatTTSRegression" name="test_tts_returns_audio" time="0.972" /></testsuite></testsuites>