<?xml version="1.0" encoding="utf-8"?><testsuites name="pytest tests"><testsuite name="pytest" errors="0" failures="0" skipped="0" tests="7" time="6.899" timestamp="2026-04-19T13:59:50.492405+00:00" hostname="agent-env-a4a1980d-58bf-4ecb-bcf8-d46035fce83a"><testcase classname="backend.tests.test_zivio_phase3.TestPhase3Backend" name="test_health_endpoint" time="0.204" /><testcase classname="backend.tests.test_zivio_phase3.TestPhase3Backend" name="test_chat_natural_response_no_excessive_ji" time="1.033" /><testcase classname="backend.tests.test_zivio_phase3.TestPhase3Backend" name="test_chat_second_message_no_ji_overuse" time="2.415" /><testcase classname="backend.tests.test_zivio_phase3.TestPhase3Backend" name="test_tts_endpoint_returns_200" time="1.094" /><testcase classname="backend.tests.test_zivio_phase3.TestPhase3Backend" name="test_update_restaurant_name_custom_demo" time="0.383" /><testcase classname="backend.tests.test_zivio_phase3.TestPhase3Backend" name="test_chat_uses_updated_restaurant_name" time="1.545" /><testcase classname="backend.tests.test_zivio_phase3.TestPhase3Backend" name="test_get_restaurant_default" time="0.122" /></testsuite></testsuites>