<?xml version="1.0" encoding="utf-8"?><testsuites name="pytest tests"><testsuite name="pytest" errors="0" failures="1" skipped="0" tests="12" time="11.839" timestamp="2026-04-19T15:04:30.329872+00:00" hostname="agent-env-376c5d18-99ae-4f95-a106-0cc967870cd3"><testcase classname="backend.tests.test_zivio_phase8_voice_ivr.TestTwilioVoiceInbound" name="test_voice_inbound_returns_twiml" time="1.699" /><testcase classname="backend.tests.test_zivio_phase8_voice_ivr.TestTwilioVoiceInbound" name="test_voice_inbound_play_url_is_valid_when_el_present" time="1.541" /><testcase classname="backend.tests.test_zivio_phase8_voice_ivr.TestTwilioVoiceRespond" name="test_respond_with_speech_returns_twiml" time="3.435" /><testcase classname="backend.tests.test_zivio_phase8_voice_ivr.TestTwilioVoiceRespond" name="test_respond_with_empty_speech_is_graceful" time="1.328" /><testcase classname="backend.tests.test_zivio_phase8_voice_ivr.TestTTSCache" name="test_cached_audio_after_voice_call" time="1.456" /><testcase classname="backend.tests.test_zivio_phase8_voice_ivr.TestTTSCache" name="test_cached_audio_invalid_id_returns_404" time="0.054" /><testcase classname="backend.tests.test_zivio_phase8_voice_ivr.TestVoiceStatus" name="test_voice_status_keys" time="0.047" /><testcase classname="backend.tests.test_zivio_phase8_voice_ivr.TestRestaurantVoiceNumber" name="test_put_and_get_voice_number" time="0.140" /><testcase classname="backend.tests.test_zivio_phase8_voice_ivr.TestTTSExpressive" name="test_tts_endpoint_basic" time="0.951" /><testcase classname="backend.tests.test_zivio_phase8_voice_ivr.TestRegression" name="test_restaurant_default_price" time="0.049" /><testcase classname="backend.tests.test_zivio_phase8_voice_ivr.TestRegression" name="test_chat_endpoint" time="0.973" /><testcase classname="backend.tests.test_zivio_phase8_voice_ivr.TestRegression" name="test_orders_create" time="0.057"><failure message="AssertionError: assert 'id' in {'order_id': 'DR-E26F02', 'status': 'confirmed'}">backend/tests/test_zivio_phase8_voice_ivr.py:210: in test_orders_create
    assert "id" in data
E   AssertionError: assert 'id' in {'order_id': 'DR-E26F02', 'status': 'confirmed'}</failure></testcase></testsuite></testsuites>