<?xml version="1.0" encoding="utf-8"?><testsuites name="pytest tests"><testsuite name="pytest" errors="0" failures="0" skipped="0" tests="15" time="5.436" timestamp="2026-04-19T13:47:30.956507+00:00" hostname="agent-env-a4a1980d-58bf-4ecb-bcf8-d46035fce83a"><testcase classname="backend.tests.test_zivio_phase2.TestRestaurantConfig" name="test_get_default_restaurant_config" time="0.173" /><testcase classname="backend.tests.test_zivio_phase2.TestRestaurantConfig" name="test_update_restaurant_config" time="0.445" /><testcase classname="backend.tests.test_zivio_phase2.TestRestaurantConfig" name="test_list_restaurants" time="0.128" /><testcase classname="backend.tests.test_zivio_phase2.TestOrderManagement" name="test_create_order" time="0.105" /><testcase classname="backend.tests.test_zivio_phase2.TestOrderManagement" name="test_get_orders_list" time="0.107" /><testcase classname="backend.tests.test_zivio_phase2.TestOrderManagement" name="test_order_persistence_verification" time="0.204" /><testcase classname="backend.tests.test_zivio_phase2.TestAnalytics" name="test_get_analytics_summary" time="0.106" /><testcase classname="backend.tests.test_zivio_phase2.TestAnalytics" name="test_track_analytics_event" time="0.122" /><testcase classname="backend.tests.test_zivio_phase2.TestAnalytics" name="test_get_analytics_events" time="0.118" /><testcase classname="backend.tests.test_zivio_phase2.TestWhatsAppStatus" name="test_whatsapp_status_not_configured" time="0.101" /><testcase classname="backend.tests.test_zivio_phase2.TestAlertEndpoints" name="test_kitchen_alert_endpoint_exists" time="0.104" /><testcase classname="backend.tests.test_zivio_phase2.TestAlertEndpoints" name="test_reception_alert_endpoint_exists" time="0.102" /><testcase classname="backend.tests.test_zivio_phase2.TestReviewEndpoints" name="test_review_request_endpoint_exists" time="0.104" /><testcase classname="backend.tests.test_zivio_phase2.TestChatWithDynamicConfig" name="test_chat_with_restaurant_id" time="1.993" /><testcase classname="backend.tests.test_zivio_phase2.TestTTSEndpoint" name="test_tts_returns_audio" time="1.258" /></testsuite></testsuites>