<?xml version="1.0" encoding="utf-8"?><testsuites name="pytest tests"><testsuite name="pytest" errors="0" failures="0" skipped="0" tests="11" time="14.837" timestamp="2026-04-19T14:12:02.752321+00:00" hostname="agent-env-a4a1980d-58bf-4ecb-bcf8-d46035fce83a"><testcase classname="backend.tests.test_zivio_phase4_voice.TestPhase4VoicePolish" name="test_health_endpoint" time="0.142" /><testcase classname="backend.tests.test_zivio_phase4_voice.TestPhase4VoicePolish" name="test_chat_english_no_ji_at_start" time="0.863" /><testcase classname="backend.tests.test_zivio_phase4_voice.TestPhase4VoicePolish" name="test_chat_english_minimal_ji_usage" time="3.227" /><testcase classname="backend.tests.test_zivio_phase4_voice.TestPhase4VoicePolish" name="test_chat_hindi_devanagari_response" time="0.982" /><testcase classname="backend.tests.test_zivio_phase4_voice.TestPhase4VoicePolish" name="test_chat_punjabi_gurmukhi_response" time="0.997" /><testcase classname="backend.tests.test_zivio_phase4_voice.TestPhase4VoicePolish" name="test_tts_returns_200_clean_audio" time="1.073" /><testcase classname="backend.tests.test_zivio_phase4_voice.TestPhase4VoicePolish" name="test_tts_hindi_text" time="1.071" /><testcase classname="backend.tests.test_zivio_phase4_voice.TestPhase4VoicePolish" name="test_tts_punjabi_text" time="1.061" /><testcase classname="backend.tests.test_zivio_phase4_voice.TestPhase4VoicePolish" name="test_chat_response_natural_varied" time="2.165" /><testcase classname="backend.tests.test_zivio_phase4_voice.TestPhase4Integration" name="test_full_order_flow_english" time="2.080" /><testcase classname="backend.tests.test_zivio_phase4_voice.TestPhase4Integration" name="test_full_order_flow_hindi" time="1.104" /></testsuite></testsuites>