<?xml version="1.0" encoding="utf-8"?><testsuites name="pytest tests"><testsuite name="pytest" errors="0" failures="2" skipped="0" tests="13" time="6.155" timestamp="2026-04-19T14:30:52.842096+00:00" hostname="agent-env-a4a1980d-58bf-4ecb-bcf8-d46035fce83a"><testcase classname="backend.tests.test_zivio_phase6_templates.TestHealthEndpoint" name="test_api_health" time="0.221" /><testcase classname="backend.tests.test_zivio_phase6_templates.TestRestaurantConfigEndpoints" name="test_get_default_restaurant" time="0.152" /><testcase classname="backend.tests.test_zivio_phase6_templates.TestRestaurantConfigEndpoints" name="test_update_restaurant_with_dentist_template" time="0.307" /><testcase classname="backend.tests.test_zivio_phase6_templates.TestRestaurantConfigEndpoints" name="test_update_restaurant_with_pizza_template" time="0.249" /><testcase classname="backend.tests.test_zivio_phase6_templates.TestChatWithTemplates" name="test_chat_after_dentist_template" time="1.852"><failure message="assert 500 == 200&#10; +  where 500 = &lt;Response [500]&gt;.status_code">backend/tests/test_zivio_phase6_templates.py:186: in test_chat_after_dentist_template
    assert chat_response.status_code == 200
E   assert 500 == 200
E    +  where 500 = &lt;Response [500]&gt;.status_code</failure></testcase><testcase classname="backend.tests.test_zivio_phase6_templates.TestChatWithTemplates" name="test_chat_after_pizza_template" time="1.743"><failure message="assert 500 == 200&#10; +  where 500 = &lt;Response [500]&gt;.status_code">backend/tests/test_zivio_phase6_templates.py:222: in test_chat_after_pizza_template
    assert chat_response.status_code == 200
E   assert 500 == 200
E    +  where 500 = &lt;Response [500]&gt;.status_code</failure></testcase><testcase classname="backend.tests.test_zivio_phase6_templates.TestAllTemplateConfigs" name="test_apply_template[dentist-template_config0]" time="0.261" /><testcase classname="backend.tests.test_zivio_phase6_templates.TestAllTemplateConfigs" name="test_apply_template[pizza-template_config1]" time="0.251" /><testcase classname="backend.tests.test_zivio_phase6_templates.TestAllTemplateConfigs" name="test_apply_template[pharmacy-template_config2]" time="0.245" /><testcase classname="backend.tests.test_zivio_phase6_templates.TestAllTemplateConfigs" name="test_apply_template[doctor-template_config3]" time="0.211" /><testcase classname="backend.tests.test_zivio_phase6_templates.TestAllTemplateConfigs" name="test_apply_template[trades-template_config4]" time="0.223" /><testcase classname="backend.tests.test_zivio_phase6_templates.TestAllTemplateConfigs" name="test_apply_template[restaurant-template_config5]" time="0.229" /><testcase classname="backend.tests.test_zivio_phase6_templates.TestCleanup" name="test_restore_default_restaurant" time="0.102" /></testsuite></testsuites>